[2024-02-07 03:38:33] [1] [WARN] Reporting disabled: using no op test run registrar
[2024-02-07 03:38:33] [1] [INFO] TEST [carina-api-testing - verifyShortIsVisibleAndCannotBeLikedTest] STARTED at [00:38:33 2024-02-07]
[2024-02-07 03:38:33] [1] [INFO] Starting driver session...
[2024-02-07 03:38:37] [1] [INFO] Driver session started.
[2024-02-07 03:38:37] [1] [INFO] INFO: opening url 'https://www.youtube.com'
[2024-02-07 03:39:14] [1] [INFO] Element 'shortsLink' is clicked.
[2024-02-07 03:39:16] [1] [ERROR] TEST [carina-api-testing - verifyShortIsVisibleAndCannotBeLikedTest] FAILED at [00:39:16 2024-02-07] - Index 0 out of bounds for length 0

java.base/jdk.internal.util.Preconditions.outOfBounds(Preconditions.java:64)
java.base/jdk.internal.util.Preconditions.outOfBoundsCheckIndex(Preconditions.java:70)
java.base/jdk.internal.util.Preconditions.checkIndex(Preconditions.java:248)
java.base/java.util.Objects.checkIndex(Objects.java:359)
java.base/java.util.ArrayList.get(ArrayList.java:427)
java.base/jdk.internal.reflect.NativeMethodAccessorImpl.invoke0(Native Method)
java.base/jdk.internal.reflect.NativeMethodAccessorImpl.invoke(NativeMethodAccessorImpl.java:64)
java.base/jdk.internal.reflect.DelegatingMethodAccessorImpl.invoke(DelegatingMethodAccessorImpl.java:43)
java.base/java.lang.reflect.Method.invoke(Method.java:564)
com.zebrunner.carina.webdriver.locator.internal.AbstractUIObjectListHandler.invoke(AbstractUIObjectListHandler.java:136)
com.sun.proxy.$Proxy82.get(Unknown Source)
web.pages.ShortsPage.getFirstShortVideo(ShortsPage.java:24)
YoutubeShortsTest.verifyShortIsVisibleAndCannotBeLikedTest(YoutubeShortsTest.java:35)
java.base/jdk.internal.reflect.NativeMethodAccessorImpl.invoke0(Native Method)
java.base/jdk.internal.reflect.NativeMethodAccessorImpl.invoke(NativeMethodAccessorImpl.java:64)
java.base/jdk.internal.reflect.DelegatingMethodAccessorImpl.invoke(DelegatingMethodAccessorImpl.java:43)
java.base/java.lang.reflect.Method.invoke(Method.java:564)
org.testng.internal.invokers.MethodInvocationHelper.invokeMethod(MethodInvocationHelper.java:139)
org.testng.internal.invokers.TestInvoker.invokeMethod(TestInvoker.java:664)
org.testng.internal.invokers.TestInvoker.invokeTestMethod(TestInvoker.java:228)
org.testng.internal.invokers.MethodRunner.runInSequence(MethodRunner.java:63)
org.testng.internal.invokers.TestInvoker$MethodInvocationAgent.invoke(TestInvoker.java:961)
org.testng.internal.invokers.TestInvoker.invokeTestMethods(TestInvoker.java:201)
org.testng.internal.invokers.TestMethodWorker.invokeTestMethods(TestMethodWorker.java:148)
org.testng.internal.invokers.TestMethodWorker.run(TestMethodWorker.java:128)
java.base/java.util.ArrayList.forEach(ArrayList.java:1511)
org.testng.TestRunner.privateRun(TestRunner.java:819)
org.testng.TestRunner.run(TestRunner.java:619)
org.testng.SuiteRunner.runTest(SuiteRunner.java:443)
org.testng.SuiteRunner.runSequentially(SuiteRunner.java:437)
org.testng.SuiteRunner.privateRun(SuiteRunner.java:397)
org.testng.SuiteRunner.run(SuiteRunner.java:336)
org.testng.SuiteRunnerWorker.runSuite(SuiteRunnerWorker.java:52)
org.testng.SuiteRunnerWorker.run(SuiteRunnerWorker.java:95)
org.testng.TestNG.runSuitesSequentially(TestNG.java:1301)
org.testng.TestNG.runSuitesLocally(TestNG.java:1228)
org.testng.TestNG.runSuites(TestNG.java:1134)
org.testng.TestNG.run(TestNG.java:1101)
com.intellij.rt.testng.IDEARemoteTestNG.run(IDEARemoteTestNG.java:66)
com.intellij.rt.testng.RemoteTestNGStarter.main(RemoteTestNGStarter.java:105)
