[2024-02-08 06:25:39] [1] [WARN] Reporting disabled: using no op test run registrar
[2024-02-08 06:25:39] [1] [INFO] TEST [carina-api-testing - verifyShortIsVisibleAndCannotBeLikedTest] STARTED at [15:25:39 2024-02-08]
[2024-02-08 06:25:39] [1] [INFO] Starting driver session...
[2024-02-08 06:25:44] [1] [INFO] Driver session started.
[2024-02-08 06:25:44] [1] [INFO] INFO: opening url 'https://www.youtube.com'
[2024-02-08 06:25:52] [1] [INFO] Element 'shortsLink' is clicked.
[2024-02-08 06:25:54] [1] [INFO] returned first but found 13 elements by locator: By.cssSelector: ytd-toggle-button-renderer#like-button
[2024-02-08 06:25:54] [1] [INFO] Element 'likeBtn' is clicked.
[2024-02-08 06:26:15] [1] [ERROR] TEST [carina-api-testing - verifyShortIsVisibleAndCannotBeLikedTest] FAILED at [15:26:15 2024-02-08] - The access to like modal is not visible expected [true] but found [false]

org.testng.Assert.fail(Assert.java:111)
org.testng.Assert.failNotEquals(Assert.java:1578)
org.testng.Assert.assertTrue(Assert.java:57)
YoutubeShortsTest.verifyShortIsVisibleAndCannotBeLikedTest(YoutubeShortsTest.java:45)
java.base/jdk.internal.reflect.NativeMethodAccessorImpl.invoke0(Native Method)
java.base/jdk.internal.reflect.NativeMethodAccessorImpl.invoke(NativeMethodAccessorImpl.java:64)
java.base/jdk.internal.reflect.DelegatingMethodAccessorImpl.invoke(DelegatingMethodAccessorImpl.java:43)
java.base/java.lang.reflect.Method.invoke(Method.java:564)
org.testng.internal.invokers.MethodInvocationHelper.invokeMethod(MethodInvocationHelper.java:139)
org.testng.internal.invokers.TestInvoker.invokeMethod(TestInvoker.java:664)
org.testng.internal.invokers.TestInvoker.invokeTestMethod(TestInvoker.java:228)
org.testng.internal.invokers.MethodRunner.runInSequence(MethodRunner.java:63)
org.testng.internal.invokers.TestInvoker$MethodInvocationAgent.invoke(TestInvoker.java:961)
org.testng.internal.invokers.TestInvoker.invokeTestMethods(TestInvoker.java:201)
org.testng.internal.invokers.TestMethodWorker.invokeTestMethods(TestMethodWorker.java:148)
org.testng.internal.invokers.TestMethodWorker.run(TestMethodWorker.java:128)
java.base/java.util.ArrayList.forEach(ArrayList.java:1511)
org.testng.TestRunner.privateRun(TestRunner.java:819)
org.testng.TestRunner.run(TestRunner.java:619)
org.testng.SuiteRunner.runTest(SuiteRunner.java:443)
org.testng.SuiteRunner.runSequentially(SuiteRunner.java:437)
org.testng.SuiteRunner.privateRun(SuiteRunner.java:397)
org.testng.SuiteRunner.run(SuiteRunner.java:336)
org.testng.SuiteRunnerWorker.runSuite(SuiteRunnerWorker.java:52)
org.testng.SuiteRunnerWorker.run(SuiteRunnerWorker.java:95)
org.testng.TestNG.runSuitesSequentially(TestNG.java:1301)
org.testng.TestNG.runSuitesLocally(TestNG.java:1228)
org.testng.TestNG.runSuites(TestNG.java:1134)
org.testng.TestNG.run(TestNG.java:1101)
com.intellij.rt.testng.IDEARemoteTestNG.run(IDEARemoteTestNG.java:66)
com.intellij.rt.testng.RemoteTestNGStarter.main(RemoteTestNGStarter.java:105)
